<?xml version="1.0" encoding="UTF-8"?>
<testsuite xmlns:xsi="http://www.w3.org/2001/XMLSchema-instance" xsi:noNamespaceSchemaLocation="https://maven.apache.org/surefire/maven-surefire-plugin/xsd/surefire-test-report.xsd" name="com.excilys.cdb.test.binding.mapper.CompanyMapperTest" time="0.02" tests="2" errors="0" skipped="0" failures="0">
  <properties>
[...]
</properties>
  <testcase name="testGetCompanyEmpty" classname="com.excilys.cdb.test.binding.mapper.CompanyMapperTest" time="0.007"/>
  <testcase name="testGetCompanyOK" classname="com.excilys.cdb.test.binding.mapper.CompanyMapperTest" time="0.004"/>
</testsuite>